<?xml version="1.0" encoding="UTF-8"?>
<!-- Generated by org.testng.reporters.JUnitXMLReporter -->
<testsuite ignored="0" hostname="DESKTOP-OEE7BVT" failures="2" tests="3" name="Test" time="49.678" errors="0" timestamp="2022-07-24T23:09:18 IST">
  <testcase classname="com.here.testcases.searchMapInformation" name="searchingLocation" time="10.212"/>
  <testcase classname="com.here.testcases.Assignment3" name="verifyOperations" time="5.552">
    <failure type="java.lang.IllegalArgumentException" message="Keys to send should be a not null CharSequence">
      <![CDATA[java.lang.IllegalArgumentException: Keys to send should be a not null CharSequence
at org.openqa.selenium.remote.RemoteWebElement.sendKeys(RemoteWebElement.java:94)
at org.openqa.selenium.support.pagefactory.internal.LocatingElementHandler.invoke(LocatingElementHandler.java:52)
at com.sun.proxy.$Proxy14.sendKeys(Unknown Source)
at com.here.pages.actions.flipkartHomePage.searchForProduct(flipkartHomePage.java:32)
at com.here.testcases.Assignment3.verifyOperations(Assignment3.java:46)
at java.base/java.util.ArrayList.forEach(ArrayList.java:1511)
... Removed 31 stack frames]]>
    </failure>
  </testcase> <!-- verifyOperations -->
  <testcase classname="com.here.testcases.Assignment2" name="movie" time="33.871">
    <failure type="java.lang.AssertionError" message="expected [Michael Corleone] but found []">
      <![CDATA[java.lang.AssertionError: expected [Michael Corleone] but found []
at com.here.testcases.Assignment2.movie(Assignment2.java:48)
at java.base/java.util.ArrayList.forEach(ArrayList.java:1511)
... Removed 33 stack frames]]>
    </failure>
  </testcase> <!-- movie -->
</testsuite> <!-- Test -->
